platforms/android/app/build/outputs/logs/manifest-merger-release-report.txt
-- Merging decision tree log ---
provider#org.apache.cordova.camera.FileProvider
INJECTED from src/main/AndroidManifest.xml:14:9-16:20
	android:grantUriPermissions
		ADDED from src/main/AndroidManifest.xml:14:92-126
	android:authorities
		INJECTED from src/main/AndroidManifest.xml
		ADDED from src/main/AndroidManifest.xml:14:19-66
	android:exported
		ADDED from src/main/AndroidManifest.xml:14:67-91
	android:name
		ADDED from src/main/AndroidManifest.xml:14:127-180
meta-data#com.google.android.geo.API_KEY
INJECTED from src/main/AndroidManifest.xml:17:9-115
	android:value
		INJECTED from src/main/AndroidManifest.xml
		ADDED from src/main/AndroidManifest.xml:17:66-112
	android:name
		ADDED from src/main/AndroidManifest.xml:17:20-65
manifest
ADDED from src/main/AndroidManifest.xml:2:1-32:12
INJECTED from src/main/AndroidManifest.xml:2:1-32:12
INJECTED from src/main/AndroidManifest.xml:2:1-32:12
INJECTED from src/main/AndroidManifest.xml:2:1-32:12
MERGED from [com.google.android.gms:play-services-maps:16.0.0] AndroidManifest.xml:17:1-32:12
MERGED from [com.google.android.gms:play-services-location:16.0.0] AndroidManifest.xml:2:1-9:12
MERGED from [com.google.android.gms:play-services-base:16.0.1] AndroidManifest.xml:17:1-29:12
MERGED from [com.google.android.gms:play-services-places-placereport:16.0.0] AndroidManifest.xml:17:1-24:12
MERGED from [com.google.android.gms:play-services-tasks:16.0.1] AndroidManifest.xml:2:1-9:12
MERGED from [com.google.android.gms:play-services-basement:16.0.1] AndroidManifest.xml:17:1-28:12
MERGED from [com.android.support:support-v4:27.1.1] AndroidManifest.xml:17:1-22:12
MERGED from [com.android.support:appcompat-v7:27.1.1] AndroidManifest.xml:17:1-22:12
MERGED from [com.android.support:support-fragment:27.1.1] AndroidManifest.xml:17:1-22:12
MERGED from [com.android.support:animated-vector-drawable:27.1.1] AndroidManifest.xml:17:1-22:12
MERGED from [com.android.support:support-core-ui:27.1.1] AndroidManifest.xml:17:1-22:12
MERGED from [com.android.support:support-core-utils:27.1.1] AndroidManifest.xml:17:1-22:12
MERGED from [com.android.support:support-media-compat:27.1.1] AndroidManifest.xml:17:1-22:12
MERGED from [com.android.support:support-vector-drawable:27.1.1] AndroidManifest.xml:17:1-22:12
MERGED from [com.android.support:support-compat:27.1.1] AndroidManifest.xml:17:1-22:12
MERGED from [:tbxml-android:] AndroidManifest.xml:2:1-11:12
MERGED from [:CordovaLib] AndroidManifest.xml:20:1-27:12
MERGED from [android.arch.lifecycle:runtime:1.1.0] AndroidManifest.xml:17:1-22:12
MERGED from [android.arch.lifecycle:livedata-core:1.1.0] AndroidManifest.xml:17:1-22:12
MERGED from [android.arch.lifecycle:viewmodel:1.1.0] AndroidManifest.xml:17:1-22:12
MERGED from [android.arch.core:runtime:1.1.0] AndroidManifest.xml:17:1-22:12
INJECTED from src/main/AndroidManifest.xml:2:1-32:12
INJECTED from src/main/AndroidManifest.xml:2:1-32:12
INJECTED from src/main/AndroidManifest.xml:2:1-32:12
	package
		ADDED from src/main/AndroidManifest.xml:2:103-131
		INJECTED from src/main/AndroidManifest.xml
		INJECTED from src/main/AndroidManifest.xml
	android:versionName
		ADDED from src/main/AndroidManifest.xml:2:75-102
		INJECTED from src/main/AndroidManifest.xml
		INJECTED from src/main/AndroidManifest.xml
	android:hardwareAccelerated
		ADDED from src/main/AndroidManifest.xml:2:11-45
	xmlns:android
		ADDED from src/main/AndroidManifest.xml:2:132-190
	android:versionCode
		ADDED from src/main/AndroidManifest.xml:2:46-74
		INJECTED from src/main/AndroidManifest.xml
		INJECTED from src/main/AndroidManifest.xml
supports-screens
ADDED from src/main/AndroidManifest.xml:3:5-191
	android:largeScreens
		ADDED from src/main/AndroidManifest.xml:3:49-76
	android:smallScreens
		ADDED from src/main/AndroidManifest.xml:3:132-159
	android:normalScreens
		ADDED from src/main/AndroidManifest.xml:3:77-105
	android:xlargeScreens
		ADDED from src/main/AndroidManifest.xml:3:160-188
	android:resizeable
		ADDED from src/main/AndroidManifest.xml:3:106-131
	android:anyDensity
		ADDED from src/main/AndroidManifest.xml:3:23-48
uses-permission#android.permission.INTERNET
ADDED from src/main/AndroidManifest.xml:4:5-67
MERGED from [com.google.android.gms:play-services-maps:16.0.0] AndroidManifest.xml:24:5-67
MERGED from [com.google.android.gms:play-services-maps:16.0.0] AndroidManifest.xml:24:5-67
	android:name
		ADDED from src/main/AndroidManifest.xml:4:22-64
application
ADDED from src/main/AndroidManifest.xml:5:5-21:19
MERGED from [com.google.android.gms:play-services-maps:16.0.0] AndroidManifest.xml:30:5-20
MERGED from [com.google.android.gms:play-services-maps:16.0.0] AndroidManifest.xml:30:5-20
MERGED from [com.google.android.gms:play-services-location:16.0.0] AndroidManifest.xml:7:5-20
MERGED from [com.google.android.gms:play-services-location:16.0.0] AndroidManifest.xml:7:5-20
MERGED from [com.google.android.gms:play-services-base:16.0.1] AndroidManifest.xml:22:5-27:19
MERGED from [com.google.android.gms:play-services-base:16.0.1] AndroidManifest.xml:22:5-27:19
MERGED from [com.google.android.gms:play-services-places-placereport:16.0.0] AndroidManifest.xml:22:5-20
MERGED from [com.google.android.gms:play-services-places-placereport:16.0.0] AndroidManifest.xml:22:5-20
MERGED from [com.google.android.gms:play-services-tasks:16.0.1] AndroidManifest.xml:7:5-20
MERGED from [com.google.android.gms:play-services-tasks:16.0.1] AndroidManifest.xml:7:5-20
MERGED from [com.google.android.gms:play-services-basement:16.0.1] AndroidManifest.xml:22:5-26:19
MERGED from [com.google.android.gms:play-services-basement:16.0.1] AndroidManifest.xml:22:5-26:19
	android:supportsRtl
		ADDED from src/main/AndroidManifest.xml:5:175-201
	android:label
		ADDED from src/main/AndroidManifest.xml:5:81-113
	android:hardwareAccelerated
		ADDED from src/main/AndroidManifest.xml:5:18-52
	android:icon
		ADDED from src/main/AndroidManifest.xml:5:53-80
	android:networkSecurityConfig
		ADDED from src/main/AndroidManifest.xml:5:114-174
activity#com.hst.hstmobile2.MainActivity
ADDED from src/main/AndroidManifest.xml:6:9-11:20
	android:label
		ADDED from src/main/AndroidManifest.xml:6:97-134
	android:launchMode
		ADDED from src/main/AndroidManifest.xml:6:135-165
	android:windowSoftInputMode
		ADDED from src/main/AndroidManifest.xml:6:257-299
	android:configChanges
		ADDED from src/main/AndroidManifest.xml:6:19-96
	android:theme
		ADDED from src/main/AndroidManifest.xml:6:194-256
	android:name
		ADDED from src/main/AndroidManifest.xml:6:166-193
intent-filter#android.intent.action.MAIN+android.intent.category.LAUNCHER
ADDED from src/main/AndroidManifest.xml:7:13-10:29
	android:label
		ADDED from src/main/AndroidManifest.xml:7:28-65
action#android.intent.action.MAIN
ADDED from src/main/AndroidManifest.xml:8:17-69
	android:name
		ADDED from src/main/AndroidManifest.xml:8:25-66
category#android.intent.category.LAUNCHER
ADDED from src/main/AndroidManifest.xml:9:17-77
	android:name
		ADDED from src/main/AndroidManifest.xml:9:27-74
activity#me.apla.cordova.AppPreferencesActivity
ADDED from src/main/AndroidManifest.xml:12:9-75
	android:name
		ADDED from src/main/AndroidManifest.xml:12:19-72
service#de.appplant.cordova.plugin.background.ForegroundService
ADDED from src/main/AndroidManifest.xml:13:9-91
	android:name
		ADDED from src/main/AndroidManifest.xml:13:18-88
meta-data#com.google.android.gms.version
ADDED from src/main/AndroidManifest.xml:18:9-122
MERGED from [com.google.android.gms:play-services-basement:16.0.1] AndroidManifest.xml:23:9-25:69
MERGED from [com.google.android.gms:play-services-basement:16.0.1] AndroidManifest.xml:23:9-25:69
	android:value
		ADDED from src/main/AndroidManifest.xml:18:66-119
	android:name
		ADDED from src/main/AndroidManifest.xml:18:20-65
uses-library#org.apache.http.legacy
ADDED from src/main/AndroidManifest.xml:19:9-88
	android:required
		ADDED from src/main/AndroidManifest.xml:19:61-85
	android:name
		ADDED from src/main/AndroidManifest.xml:19:23-60
meta-data#launchnavigator.GOOGLE_API_KEY
ADDED from src/main/AndroidManifest.xml:20:9-124
	android:value
		ADDED from src/main/AndroidManifest.xml:20:66-121
	android:name
		ADDED from src/main/AndroidManifest.xml:20:20-65
uses-sdk
ADDED from src/main/AndroidManifest.xml:22:5-74
INJECTED from src/main/AndroidManifest.xml:22:5-74
MERGED from [com.google.android.gms:play-services-maps:16.0.0] AndroidManifest.xml:20:5-44
MERGED from [com.google.android.gms:play-services-maps:16.0.0] AndroidManifest.xml:20:5-44
MERGED from [com.google.android.gms:play-services-location:16.0.0] AndroidManifest.xml:5:5-44
MERGED from [com.google.android.gms:play-services-location:16.0.0] AndroidManifest.xml:5:5-44
MERGED from [com.google.android.gms:play-services-base:16.0.1] AndroidManifest.xml:20:5-44
MERGED from [com.google.android.gms:play-services-base:16.0.1] AndroidManifest.xml:20:5-44
MERGED from [com.google.android.gms:play-services-places-placereport:16.0.0] AndroidManifest.xml:20:5-44
MERGED from [com.google.android.gms:play-services-places-placereport:16.0.0] AndroidManifest.xml:20:5-44
MERGED from [com.google.android.gms:play-services-tasks:16.0.1] AndroidManifest.xml:5:5-44
MERGED from [com.google.android.gms:play-services-tasks:16.0.1] AndroidManifest.xml:5:5-44
MERGED from [com.google.android.gms:play-services-basement:16.0.1] AndroidManifest.xml:20:5-44
MERGED from [com.google.android.gms:play-services-basement:16.0.1] AndroidManifest.xml:20:5-44
MERGED from [com.android.support:support-v4:27.1.1] AndroidManifest.xml:20:5-44
MERGED from [com.android.support:support-v4:27.1.1] AndroidManifest.xml:20:5-44
MERGED from [com.android.support:appcompat-v7:27.1.1] AndroidManifest.xml:20:5-44
MERGED from [com.android.support:appcompat-v7:27.1.1] AndroidManifest.xml:20:5-44
MERGED from [com.android.support:support-fragment:27.1.1] AndroidManifest.xml:20:5-44
MERGED from [com.android.support:support-fragment:27.1.1] AndroidManifest.xml:20:5-44
MERGED from [com.android.support:animated-vector-drawable:27.1.1] AndroidManifest.xml:20:5-44
MERGED from [com.android.support:animated-vector-drawable:27.1.1] AndroidManifest.xml:20:5-44
MERGED from [com.android.support:support-core-ui:27.1.1] AndroidManifest.xml:20:5-44
MERGED from [com.android.support:support-core-ui:27.1.1] AndroidManifest.xml:20:5-44
MERGED from [com.android.support:support-core-utils:27.1.1] AndroidManifest.xml:20:5-44
MERGED from [com.android.support:support-core-utils:27.1.1] AndroidManifest.xml:20:5-44
MERGED from [com.android.support:support-media-compat:27.1.1] AndroidManifest.xml:20:5-44
MERGED from [com.android.support:support-media-compat:27.1.1] AndroidManifest.xml:20:5-44
MERGED from [com.android.support:support-vector-drawable:27.1.1] AndroidManifest.xml:20:5-44
MERGED from [com.android.support:support-vector-drawable:27.1.1] AndroidManifest.xml:20:5-44
MERGED from [com.android.support:support-compat:27.1.1] AndroidManifest.xml:20:5-44
MERGED from [com.android.support:support-compat:27.1.1] AndroidManifest.xml:20:5-44
MERGED from [:tbxml-android:] AndroidManifest.xml:7:5-9:41
MERGED from [:tbxml-android:] AndroidManifest.xml:7:5-9:41
MERGED from [:CordovaLib] AndroidManifest.xml:25:5-44
MERGED from [:CordovaLib] AndroidManifest.xml:25:5-44
MERGED from [android.arch.lifecycle:runtime:1.1.0] AndroidManifest.xml:20:5-44
MERGED from [android.arch.lifecycle:runtime:1.1.0] AndroidManifest.xml:20:5-44
MERGED from [android.arch.lifecycle:livedata-core:1.1.0] AndroidManifest.xml:20:5-44
MERGED from [android.arch.lifecycle:livedata-core:1.1.0] AndroidManifest.xml:20:5-44
MERGED from [android.arch.lifecycle:viewmodel:1.1.0] AndroidManifest.xml:20:5-44
MERGED from [android.arch.lifecycle:viewmodel:1.1.0] AndroidManifest.xml:20:5-44
MERGED from [android.arch.core:runtime:1.1.0] AndroidManifest.xml:20:5-44
MERGED from [android.arch.core:runtime:1.1.0] AndroidManifest.xml:20:5-44
INJECTED from src/main/AndroidManifest.xml:22:5-74
	android:targetSdkVersion
		ADDED from src/main/AndroidManifest.xml:22:42-71
	android:minSdkVersion
		ADDED from src/main/AndroidManifest.xml:22:15-41
		INJECTED from src/main/AndroidManifest.xml
		INJECTED from src/main/AndroidManifest.xml
uses-permission#android.permission.WAKE_LOCK
ADDED from src/main/AndroidManifest.xml:23:5-68
	android:name
		ADDED from src/main/AndroidManifest.xml:23:22-65
uses-permission#android.permission.WRITE_EXTERNAL_STORAGE
ADDED from src/main/AndroidManifest.xml:24:5-81
	android:name
		ADDED from src/main/AndroidManifest.xml:24:22-78
uses-permission#android.permission.ACCESS_COARSE_LOCATION
ADDED from src/main/AndroidManifest.xml:25:5-81
	android:name
		ADDED from src/main/AndroidManifest.xml:25:22-78
uses-permission#android.permission.ACCESS_FINE_LOCATION
ADDED from src/main/AndroidManifest.xml:26:5-79
	android:name
		ADDED from src/main/AndroidManifest.xml:26:22-76
uses-feature#android.hardware.location.gps
ADDED from src/main/AndroidManifest.xml:27:5-66
	android:name
		ADDED from src/main/AndroidManifest.xml:27:19-63
uses-permission#android.permission.ACCESS_NETWORK_STATE
ADDED from src/main/AndroidManifest.xml:28:5-79
MERGED from [com.google.android.gms:play-services-maps:16.0.0] AndroidManifest.xml:23:5-79
MERGED from [com.google.android.gms:play-services-maps:16.0.0] AndroidManifest.xml:23:5-79
	android:name
		ADDED from src/main/AndroidManifest.xml:28:22-76
uses-feature#0x00020000
ADDED from src/main/AndroidManifest.xml:29:5-78
MERGED from [com.google.android.gms:play-services-maps:16.0.0] AndroidManifest.xml:26:5-28:35
MERGED from [com.google.android.gms:play-services-maps:16.0.0] AndroidManifest.xml:26:5-28:35
	android:glEsVersion
		ADDED from src/main/AndroidManifest.xml:29:19-51
	android:required
		ADDED from src/main/AndroidManifest.xml:29:52-75
uses-feature#android.hardware.location
ADDED from src/main/AndroidManifest.xml:30:5-62
	android:name
		ADDED from src/main/AndroidManifest.xml:30:19-59
uses-permission#android.permission.BLUETOOTH
ADDED from src/main/AndroidManifest.xml:31:5-68
	android:name
		ADDED from src/main/AndroidManifest.xml:31:22-65
meta-data#android.support.FILE_PROVIDER_PATHS
ADDED from src/main/AndroidManifest.xml:15:13-123
	android:resource
		ADDED from src/main/AndroidManifest.xml:15:75-120
	android:name
		ADDED from src/main/AndroidManifest.xml:15:24-74
activity#com.google.android.gms.common.api.GoogleApiActivity
ADDED from [com.google.android.gms:play-services-base:16.0.1] AndroidManifest.xml:23:9-26:75
	android:exported
		ADDED from [com.google.android.gms:play-services-base:16.0.1] AndroidManifest.xml:25:13-37
	android:theme
		ADDED from [com.google.android.gms:play-services-base:16.0.1] AndroidManifest.xml:26:13-72
	android:name
		ADDED from [com.google.android.gms:play-services-base:16.0.1] AndroidManifest.xml:24:13-79